# JRE version: OpenJDK Runtime Environment (11.0.10) (build 11.0.10+0-b96-7249189)
# Java VM: OpenJDK 64-Bit Server VM (11.0.10+0-b96-7249189, mixed mode, tiered, compressed oops, g1 gc, windows-amd64)
Heap:
 garbage-first heap   total 367616K, used 100971K [0x0000000080000000, 0x0000000100000000)
  region size 1024K, 8 young (8192K), 8 survivors (8192K)
 Metaspace       used 107049K, capacity 109433K, committed 109644K, reserved 1144832K
  class space    used 13186K, capacity 14019K, committed 14156K, reserved 1048576K
GC Heap History (20 events):
Event: 4522.150 GC heap after
{Heap after GC invocations=94 (full 0):
 garbage-first heap   total 151552K, used 95986K [0x0000000080000000, 0x0000000100000000)
  region size 1024K, 4 young (4096K), 4 survivors (4096K)
 Metaspace       used 86103K, capacity 88165K, committed 88652K, reserved 1126400K
  class space    used 10928K, capacity 11669K, committed 11852K, reserved 1048576K
}
Event: 4522.596 GC heap before
{Heap before GC invocations=95 (full 0):
 garbage-first heap   total 151552K, used 126706K [0x0000000080000000, 0x0000000100000000)
  region size 1024K, 19 young (19456K), 4 survivors (4096K)
 Metaspace       used 87933K, capacity 89930K, committed 90316K, reserved 1128448K
  class space    used 11084K, capacity 11790K, committed 11980K, reserved 1048576K
}
Event: 4522.612 GC heap after
{Heap after GC invocations=96 (full 0):
 garbage-first heap   total 151552K, used 97207K [0x0000000080000000, 0x0000000100000000)
  region size 1024K, 2 young (2048K), 2 survivors (2048K)
 Metaspace       used 87933K, capacity 89930K, committed 90316K, reserved 1128448K
  class space    used 11084K, capacity 11790K, committed 11980K, reserved 1048576K
}
Event: 4522.704 GC heap before
{Heap before GC invocations=96 (full 0):
 garbage-first heap   total 151552K, used 102327K [0x0000000080000000, 0x0000000100000000)
  region size 1024K, 7 young (7168K), 2 survivors (2048K)
 Metaspace       used 88605K, capacity 90637K, committed 90828K, reserved 1128448K
  class space    used 11139K, capacity 11855K, committed 11980K, reserved 1048576K
}
Event: 4522.714 GC heap after
{Heap after GC invocations=97 (full 0):
 garbage-first heap   total 182272K, used 96298K [0x0000000080000000, 0x0000000100000000)
  region size 1024K, 1 young (1024K), 1 survivors (1024K)
 Metaspace       used 88605K, capacity 90637K, committed 90828K, reserved 1128448K
  class space    used 11139K, capacity 11855K, committed 11980K, reserved 1048576K
}
Event: 4523.073 GC heap before
{Heap before GC invocations=97 (full 0):
 garbage-first heap   total 182272K, used 128042K [0x0000000080000000, 0x0000000100000000)
  region size 1024K, 33 young (33792K), 1 survivors (1024K)
 Metaspace       used 89726K, capacity 91800K, committed 91980K, reserved 1128448K
  class space    used 11230K, capacity 11985K, committed 12108K, reserved 1048576K
}
Event: 4523.079 GC heap after
{Heap after GC invocations=98 (full 0):
 garbage-first heap   total 182272K, used 100164K [0x0000000080000000, 0x0000000100000000)
  region size 1024K, 5 young (5120K), 5 survivors (5120K)
 Metaspace       used 89726K, capacity 91800K, committed 91980K, reserved 1128448K
  class space    used 11230K, capacity 11985K, committed 12108K, reserved 1048576K
}
Event: 4523.882 GC heap before
{Heap before GC invocations=99 (full 0):
 garbage-first heap   total 182272K, used 124740K [0x0000000080000000, 0x0000000100000000)
  region size 1024K, 37 young (37888K), 5 survivors (5120K)
 Metaspace       used 91637K, capacity 93716K, committed 94028K, reserved 1130496K
  class space    used 11417K, capacity 12198K, committed 12364K, reserved 1048576K
}
Event: 4523.893 GC heap after
{Heap after GC invocations=100 (full 0):
 garbage-first heap   total 182272K, used 92968K [0x0000000080000000, 0x0000000100000000)
  region size 1024K, 2 young (2048K), 2 survivors (2048K)
 Metaspace       used 91637K, capacity 93716K, committed 94028K, reserved 1130496K
  class space    used 11417K, capacity 12198K, committed 12364K, reserved 1048576K
}
Event: 4523.999 GC heap before
{Heap before GC invocations=100 (full 0):
 garbage-first heap   total 182272K, used 98088K [0x0000000080000000, 0x0000000100000000)
  region size 1024K, 8 young (8192K), 2 survivors (2048K)
 Metaspace       used 92013K, capacity 94132K, committed 94284K, reserved 1130496K
  class space    used 11467K, capacity 12230K, committed 12364K, reserved 1048576K
}
Event: 4524.009 GC heap after
{Heap after GC invocations=101 (full 0):
 garbage-first heap   total 182272K, used 80579K [0x0000000080000000, 0x0000000100000000)
  region size 1024K, 1 young (1024K), 1 survivors (1024K)
 Metaspace       used 92013K, capacity 94132K, committed 94284K, reserved 1130496K
  class space    used 11467K, capacity 12230K, committed 12364K, reserved 1048576K
}
Event: 4534.665 GC heap before
{Heap before GC invocations=101 (full 0):
 garbage-first heap   total 182272K, used 124611K [0x0000000080000000, 0x0000000100000000)
  region size 1024K, 44 young (45056K), 1 survivors (1024K)
 Metaspace       used 95295K, capacity 97471K, committed 97740K, reserved 1134592K
  class space    used 11866K, capacity 12640K, committed 12748K, reserved 1048576K
}
Event: 4534.766 GC heap after
{Heap after GC invocations=102 (full 0):
 garbage-first heap   total 219136K, used 84542K [0x0000000080000000, 0x0000000100000000)
  region size 1024K, 5 young (5120K), 5 survivors (5120K)
 Metaspace       used 95295K, capacity 97471K, committed 97740K, reserved 1134592K
  class space    used 11866K, capacity 12640K, committed 12748K, reserved 1048576K
}
Event: 4537.249 GC heap before
{Heap before GC invocations=103 (full 0):
 garbage-first heap   total 219136K, used 141661K [0x0000000080000000, 0x0000000100000000)
  region size 1024K, 64 young (65536K), 5 survivors (5120K)
 Metaspace       used 95898K, capacity 98067K, committed 98380K, reserved 1134592K
  class space    used 11919K, capacity 12708K, committed 12876K, reserved 1048576K
}
Event: 4537.335 GC heap after
{Heap after GC invocations=104 (full 0):
 garbage-first heap   total 219136K, used 83865K [0x0000000080000000, 0x0000000100000000)
  region size 1024K, 4 young (4096K), 4 survivors (4096K)
 Metaspace       used 95898K, capacity 98067K, committed 98380K, reserved 1134592K
  class space    used 11919K, capacity 12708K, committed 12876K, reserved 1048576K
}
Event: 4537.462 GC heap before
{Heap before GC invocations=104 (full 0):
 garbage-first heap   total 219136K, used 88985K [0x0000000080000000, 0x0000000100000000)
  region size 1024K, 10 young (10240K), 4 survivors (4096K)
 Metaspace       used 95932K, capacity 98131K, committed 98380K, reserved 1134592K
  class space    used 11919K, capacity 12708K, committed 12876K, reserved 1048576K
}
Event: 4537.492 GC heap after
{Heap after GC invocations=105 (full 0):
 garbage-first heap   total 219136K, used 83156K [0x0000000080000000, 0x0000000100000000)
  region size 1024K, 1 young (1024K), 1 survivors (1024K)
 Metaspace       used 95932K, capacity 98131K, committed 98380K, reserved 1134592K
  class space    used 11919K, capacity 12708K, committed 12876K, reserved 1048576K
}
Event: 4544.019 GC heap before
{Heap before GC invocations=105 (full 0):
 garbage-first heap   total 219136K, used 145620K [0x0000000080000000, 0x0000000100000000)
  region size 1024K, 64 young (65536K), 1 survivors (1024K)
 Metaspace       used 103426K, capacity 105778K, committed 105932K, reserved 1140736K
  class space    used 12843K, capacity 13658K, committed 13772K, reserved 1048576K
}
Event: 4544.326 GC heap after
{Heap after GC invocations=106 (full 0):
 garbage-first heap   total 219136K, used 89724K [0x0000000080000000, 0x0000000100000000)
  region size 1024K, 8 young (8192K), 8 survivors (8192K)
 Metaspace       used 103426K, capacity 105778K, committed 105932K, reserved 1140736K
  class space    used 12843K, capacity 13658K, committed 13772K, reserved 1048576K
}
Event: 4550.810 GC heap before
{Heap before GC invocations=107 (full 0):
 garbage-first heap   total 219136K, used 147068K [0x0000000080000000, 0x0000000100000000)
  region size 1024K, 62 young (63488K), 8 survivors (8192K)
 Metaspace       used 107049K, capacity 109433K, committed 109644K, reserved 1144832K
  class space    used 13186K, capacity 14019K, committed 14156K, reserved 1048576K
}

