# JRE version: OpenJDK Runtime Environment (11.0.10) (build 11.0.10+0-b96-7249189)
# Java VM: OpenJDK 64-Bit Server VM (11.0.10+0-b96-7249189, mixed mode, tiered, compressed oops, g1 gc, windows-amd64)
Heap:
 garbage-first heap   total 165888K, used 101489K [0x0000000080000000, 0x0000000100000000)
  region size 1024K, 49 young (50176K), 3 survivors (3072K)
 Metaspace       used 74700K, capacity 76426K, committed 76592K, reserved 1116160K
  class space    used 9751K, capacity 10364K, committed 10368K, reserved 1048576K
GC Heap History (20 events):
Event: 22.583 GC heap before
{Heap before GC invocations=30 (full 0):
 garbage-first heap   total 78848K, used 57466K [0x0000000080000000, 0x0000000100000000)
  region size 1024K, 16 young (16384K), 2 survivors (2048K)
 Metaspace       used 53472K, capacity 54829K, committed 54960K, reserved 1097728K
  class space    used 6818K, capacity 7329K, committed 7424K, reserved 1048576K
}
Event: 22.597 GC heap after
{Heap after GC invocations=31 (full 0):
 garbage-first heap   total 78848K, used 43573K [0x0000000080000000, 0x0000000100000000)
  region size 1024K, 2 young (2048K), 2 survivors (2048K)
 Metaspace       used 53472K, capacity 54829K, committed 54960K, reserved 1097728K
  class space    used 6818K, capacity 7329K, committed 7424K, reserved 1048576K
}
Event: 23.178 GC heap before
{Heap before GC invocations=31 (full 0):
 garbage-first heap   total 78848K, used 58933K [0x0000000080000000, 0x0000000100000000)
  region size 1024K, 17 young (17408K), 2 survivors (2048K)
 Metaspace       used 55973K, capacity 57410K, committed 57520K, reserved 1099776K
  class space    used 7099K, capacity 7609K, committed 7680K, reserved 1048576K
}
Event: 23.182 GC heap after
{Heap after GC invocations=32 (full 0):
 garbage-first heap   total 78848K, used 44031K [0x0000000080000000, 0x0000000100000000)
  region size 1024K, 2 young (2048K), 2 survivors (2048K)
 Metaspace       used 55973K, capacity 57410K, committed 57520K, reserved 1099776K
  class space    used 7099K, capacity 7609K, committed 7680K, reserved 1048576K
}
Event: 23.742 GC heap before
{Heap before GC invocations=33 (full 0):
 garbage-first heap   total 78848K, used 59391K [0x0000000080000000, 0x0000000100000000)
  region size 1024K, 17 young (17408K), 2 survivors (2048K)
 Metaspace       used 58691K, capacity 60152K, committed 60464K, reserved 1101824K
  class space    used 7451K, capacity 7992K, committed 8064K, reserved 1048576K
}
Event: 23.750 GC heap after
{Heap after GC invocations=34 (full 0):
 garbage-first heap   total 78848K, used 45509K [0x0000000080000000, 0x0000000100000000)
  region size 1024K, 3 young (3072K), 3 survivors (3072K)
 Metaspace       used 58691K, capacity 60152K, committed 60464K, reserved 1101824K
  class space    used 7451K, capacity 7992K, committed 8064K, reserved 1048576K
}
Event: 24.516 GC heap before
{Heap before GC invocations=34 (full 0):
 garbage-first heap   total 78848K, used 59845K [0x0000000080000000, 0x0000000100000000)
  region size 1024K, 18 young (18432K), 3 survivors (3072K)
 Metaspace       used 59651K, capacity 61086K, committed 61360K, reserved 1101824K
  class space    used 7559K, capacity 8089K, committed 8192K, reserved 1048576K
}
Event: 24.523 GC heap after
{Heap after GC invocations=35 (full 0):
 garbage-first heap   total 78848K, used 47093K [0x0000000080000000, 0x0000000100000000)
  region size 1024K, 3 young (3072K), 3 survivors (3072K)
 Metaspace       used 59651K, capacity 61086K, committed 61360K, reserved 1101824K
  class space    used 7559K, capacity 8089K, committed 8192K, reserved 1048576K
}
Event: 25.017 GC heap before
{Heap before GC invocations=36 (full 0):
 garbage-first heap   total 78848K, used 62453K [0x0000000080000000, 0x0000000100000000)
  region size 1024K, 18 young (18432K), 3 survivors (3072K)
 Metaspace       used 61281K, capacity 62758K, committed 62768K, reserved 1103872K
  class space    used 7770K, capacity 8320K, committed 8320K, reserved 1048576K
}
Event: 25.027 GC heap after
{Heap after GC invocations=37 (full 0):
 garbage-first heap   total 95232K, used 48461K [0x0000000080000000, 0x0000000100000000)
  region size 1024K, 2 young (2048K), 2 survivors (2048K)
 Metaspace       used 61281K, capacity 62758K, committed 62768K, reserved 1103872K
  class space    used 7770K, capacity 8320K, committed 8320K, reserved 1048576K
}
Event: 25.416 GC heap before
{Heap before GC invocations=37 (full 0):
 garbage-first heap   total 95232K, used 59725K [0x0000000080000000, 0x0000000100000000)
  region size 1024K, 14 young (14336K), 2 survivors (2048K)
 Metaspace       used 62418K, capacity 63815K, committed 64048K, reserved 1105920K
  class space    used 7918K, capacity 8458K, committed 8576K, reserved 1048576K
}
Event: 25.422 GC heap after
{Heap after GC invocations=38 (full 0):
 garbage-first heap   total 95232K, used 49279K [0x0000000080000000, 0x0000000100000000)
  region size 1024K, 3 young (3072K), 3 survivors (3072K)
 Metaspace       used 62418K, capacity 63815K, committed 64048K, reserved 1105920K
  class space    used 7918K, capacity 8458K, committed 8576K, reserved 1048576K
}
Event: 26.144 GC heap before
{Heap before GC invocations=39 (full 0):
 garbage-first heap   total 95232K, used 69759K [0x0000000080000000, 0x0000000100000000)
  region size 1024K, 22 young (22528K), 3 survivors (3072K)
 Metaspace       used 63257K, capacity 64829K, committed 64944K, reserved 1105920K
  class space    used 8046K, capacity 8599K, committed 8704K, reserved 1048576K
}
Event: 26.158 GC heap after
{Heap after GC invocations=40 (full 0):
 garbage-first heap   total 95232K, used 50933K [0x0000000080000000, 0x0000000100000000)
  region size 1024K, 3 young (3072K), 3 survivors (3072K)
 Metaspace       used 63257K, capacity 64829K, committed 64944K, reserved 1105920K
  class space    used 8046K, capacity 8599K, committed 8704K, reserved 1048576K
}
Event: 26.697 GC heap before
{Heap before GC invocations=40 (full 0):
 garbage-first heap   total 95232K, used 71413K [0x0000000080000000, 0x0000000100000000)
  region size 1024K, 23 young (23552K), 3 survivors (3072K)
 Metaspace       used 64302K, capacity 65859K, committed 66096K, reserved 1105920K
  class space    used 8181K, capacity 8729K, committed 8832K, reserved 1048576K
}
Event: 26.826 GC heap after
{Heap after GC invocations=41 (full 0):
 garbage-first heap   total 95232K, used 53093K [0x0000000080000000, 0x0000000100000000)
  region size 1024K, 3 young (3072K), 3 survivors (3072K)
 Metaspace       used 64302K, capacity 65859K, committed 66096K, reserved 1105920K
  class space    used 8181K, capacity 8729K, committed 8832K, reserved 1048576K
}
Event: 27.749 GC heap before
{Heap before GC invocations=42 (full 0):
 garbage-first heap   total 95232K, used 73573K [0x0000000080000000, 0x0000000100000000)
  region size 1024K, 23 young (23552K), 3 survivors (3072K)
 Metaspace       used 67183K, capacity 68787K, committed 68912K, reserved 1110016K
  class space    used 8700K, capacity 9318K, committed 9344K, reserved 1048576K
}
Event: 27.761 GC heap after
{Heap after GC invocations=43 (full 0):
 garbage-first heap   total 95232K, used 54080K [0x0000000080000000, 0x0000000100000000)
  region size 1024K, 2 young (2048K), 2 survivors (2048K)
 Metaspace       used 67183K, capacity 68787K, committed 68912K, reserved 1110016K
  class space    used 8700K, capacity 9318K, committed 9344K, reserved 1048576K
}
Event: 28.620 GC heap before
{Heap before GC invocations=43 (full 0):
 garbage-first heap   total 95232K, used 74560K [0x0000000080000000, 0x0000000100000000)
  region size 1024K, 22 young (22528K), 2 survivors (2048K)
 Metaspace       used 69157K, capacity 70757K, committed 70960K, reserved 1110016K
  class space    used 8959K, capacity 9539K, committed 9600K, reserved 1048576K
}
Event: 28.631 GC heap after
{Heap after GC invocations=44 (full 0):
 garbage-first heap   total 165888K, used 55409K [0x0000000080000000, 0x0000000100000000)
  region size 1024K, 3 young (3072K), 3 survivors (3072K)
 Metaspace       used 69157K, capacity 70757K, committed 70960K, reserved 1110016K
  class space    used 8959K, capacity 9539K, committed 9600K, reserved 1048576K
}

