# JRE version: OpenJDK Runtime Environment (11.0.10) (build 11.0.10+0-b96-7249189)
# Java VM: OpenJDK 64-Bit Server VM (11.0.10+0-b96-7249189, mixed mode, tiered, compressed oops, g1 gc, windows-amd64)
Heap:
 garbage-first heap   total 228352K, used 109978K [0x0000000080000000, 0x0000000100000000)
  region size 1024K, 13 young (13312K), 6 survivors (6144K)
 Metaspace       used 83922K, capacity 86190K, committed 86348K, reserved 1124352K
  class space    used 10927K, capacity 11783K, committed 11852K, reserved 1048576K
GC Heap History (20 events):
Event: 18.758 GC heap before
{Heap before GC invocations=40 (full 0):
 garbage-first heap   total 78848K, used 62744K [0x0000000080000000, 0x0000000100000000)
  region size 1024K, 14 young (14336K), 2 survivors (2048K)
 Metaspace       used 63170K, capacity 64724K, committed 64972K, reserved 1105920K
  class space    used 8043K, capacity 8627K, committed 8652K, reserved 1048576K
}
Event: 18.763 GC heap after
{Heap after GC invocations=41 (full 0):
 garbage-first heap   total 78848K, used 49822K [0x0000000080000000, 0x0000000100000000)
  region size 1024K, 2 young (2048K), 2 survivors (2048K)
 Metaspace       used 63170K, capacity 64724K, committed 64972K, reserved 1105920K
  class space    used 8043K, capacity 8627K, committed 8652K, reserved 1048576K
}
Event: 18.885 GC heap before
{Heap before GC invocations=41 (full 0):
 garbage-first heap   total 78848K, used 62110K [0x0000000080000000, 0x0000000100000000)
  region size 1024K, 14 young (14336K), 2 survivors (2048K)
 Metaspace       used 63243K, capacity 64829K, committed 65100K, reserved 1105920K
  class space    used 8050K, capacity 8663K, committed 8780K, reserved 1048576K
}
Event: 18.906 GC heap after
{Heap after GC invocations=42 (full 0):
 garbage-first heap   total 117760K, used 51372K [0x0000000080000000, 0x0000000100000000)
  region size 1024K, 2 young (2048K), 2 survivors (2048K)
 Metaspace       used 63243K, capacity 64829K, committed 65100K, reserved 1105920K
  class space    used 8050K, capacity 8663K, committed 8780K, reserved 1048576K
}
Event: 20.549 GC heap before
{Heap before GC invocations=43 (full 0):
 garbage-first heap   total 117760K, used 82092K [0x0000000080000000, 0x0000000100000000)
  region size 1024K, 32 young (32768K), 2 survivors (2048K)
 Metaspace       used 66366K, capacity 68025K, committed 68172K, reserved 1107968K
  class space    used 8549K, capacity 9153K, committed 9292K, reserved 1048576K
}
Event: 20.556 GC heap after
{Heap after GC invocations=44 (full 0):
 garbage-first heap   total 117760K, used 53436K [0x0000000080000000, 0x0000000100000000)
  region size 1024K, 4 young (4096K), 4 survivors (4096K)
 Metaspace       used 66366K, capacity 68025K, committed 68172K, reserved 1107968K
  class space    used 8549K, capacity 9153K, committed 9292K, reserved 1048576K
}
Event: 21.709 GC heap before
{Heap before GC invocations=44 (full 0):
 garbage-first heap   total 117760K, used 84156K [0x0000000080000000, 0x0000000100000000)
  region size 1024K, 34 young (34816K), 4 survivors (4096K)
 Metaspace       used 69568K, capacity 71204K, committed 71372K, reserved 1112064K
  class space    used 9027K, capacity 9621K, committed 9676K, reserved 1048576K
}
Event: 21.732 GC heap after
{Heap after GC invocations=45 (full 0):
 garbage-first heap   total 117760K, used 55789K [0x0000000080000000, 0x0000000100000000)
  region size 1024K, 5 young (5120K), 5 survivors (5120K)
 Metaspace       used 69568K, capacity 71204K, committed 71372K, reserved 1112064K
  class space    used 9027K, capacity 9621K, committed 9676K, reserved 1048576K
}
Event: 22.686 GC heap before
{Heap before GC invocations=45 (full 0):
 garbage-first heap   total 117760K, used 86509K [0x0000000080000000, 0x0000000100000000)
  region size 1024K, 35 young (35840K), 5 survivors (5120K)
 Metaspace       used 72054K, capacity 73730K, committed 74060K, reserved 1114112K
  class space    used 9363K, capacity 9963K, committed 10060K, reserved 1048576K
}
Event: 22.701 GC heap after
{Heap after GC invocations=46 (full 0):
 garbage-first heap   total 117760K, used 57963K [0x0000000080000000, 0x0000000100000000)
  region size 1024K, 5 young (5120K), 5 survivors (5120K)
 Metaspace       used 72054K, capacity 73730K, committed 74060K, reserved 1114112K
  class space    used 9363K, capacity 9963K, committed 10060K, reserved 1048576K
}
Event: 24.425 GC heap before
{Heap before GC invocations=46 (full 0):
 garbage-first heap   total 117760K, used 88683K [0x0000000080000000, 0x0000000100000000)
  region size 1024K, 35 young (35840K), 5 survivors (5120K)
 Metaspace       used 76092K, capacity 77897K, committed 78028K, reserved 1116160K
  class space    used 9917K, capacity 10574K, committed 10700K, reserved 1048576K
}
Event: 24.448 GC heap after
{Heap after GC invocations=47 (full 0):
 garbage-first heap   total 157696K, used 59851K [0x0000000080000000, 0x0000000100000000)
  region size 1024K, 4 young (4096K), 4 survivors (4096K)
 Metaspace       used 76092K, capacity 77897K, committed 78028K, reserved 1116160K
  class space    used 9917K, capacity 10574K, committed 10700K, reserved 1048576K
}
Event: 30.872 GC heap before
{Heap before GC invocations=48 (full 0):
 garbage-first heap   total 157696K, used 104907K [0x0000000080000000, 0x0000000100000000)
  region size 1024K, 48 young (49152K), 4 survivors (4096K)
 Metaspace       used 79011K, capacity 81163K, committed 81356K, reserved 1120256K
  class space    used 10408K, capacity 11198K, committed 11212K, reserved 1048576K
}
Event: 30.973 GC heap after
{Heap after GC invocations=49 (full 0):
 garbage-first heap   total 157696K, used 63046K [0x0000000080000000, 0x0000000100000000)
  region size 1024K, 6 young (6144K), 6 survivors (6144K)
 Metaspace       used 79011K, capacity 81163K, committed 81356K, reserved 1120256K
  class space    used 10408K, capacity 11198K, committed 11212K, reserved 1048576K
}
Event: 32.288 GC heap before
{Heap before GC invocations=49 (full 0):
 garbage-first heap   total 157696K, used 111174K [0x0000000080000000, 0x0000000100000000)
  region size 1024K, 54 young (55296K), 6 survivors (6144K)
 Metaspace       used 79571K, capacity 81713K, committed 81996K, reserved 1120256K
  class space    used 10432K, capacity 11217K, committed 11340K, reserved 1048576K
}
Event: 32.309 GC heap after
{Heap after GC invocations=50 (full 0):
 garbage-first heap   total 157696K, used 66150K [0x0000000080000000, 0x0000000100000000)
  region size 1024K, 7 young (7168K), 7 survivors (7168K)
 Metaspace       used 79571K, capacity 81713K, committed 81996K, reserved 1120256K
  class space    used 10432K, capacity 11217K, committed 11340K, reserved 1048576K
}
Event: 34.222 GC heap before
{Heap before GC invocations=50 (full 0):
 garbage-first heap   total 157696K, used 125542K [0x0000000080000000, 0x0000000100000000)
  region size 1024K, 64 young (65536K), 7 survivors (7168K)
 Metaspace       used 83432K, capacity 85642K, committed 85836K, reserved 1124352K
  class space    used 10873K, capacity 11735K, committed 11852K, reserved 1048576K
}
Event: 34.347 GC heap after
{Heap after GC invocations=51 (full 0):
 garbage-first heap   total 157696K, used 80466K [0x0000000080000000, 0x0000000100000000)
  region size 1024K, 8 young (8192K), 8 survivors (8192K)
 Metaspace       used 83432K, capacity 85642K, committed 85836K, reserved 1124352K
  class space    used 10873K, capacity 11735K, committed 11852K, reserved 1048576K
}
Event: 34.887 GC heap before
{Heap before GC invocations=51 (full 0):
 garbage-first heap   total 157696K, used 87634K [0x0000000080000000, 0x0000000100000000)
  region size 1024K, 16 young (16384K), 8 survivors (8192K)
 Metaspace       used 83454K, capacity 85706K, committed 85836K, reserved 1124352K
  class space    used 10874K, capacity 11735K, committed 11852K, reserved 1048576K
}
Event: 35.068 GC heap after
{Heap after GC invocations=52 (full 0):
 garbage-first heap   total 228352K, used 88474K [0x0000000080000000, 0x0000000100000000)
  region size 1024K, 6 young (6144K), 6 survivors (6144K)
 Metaspace       used 83454K, capacity 85706K, committed 85836K, reserved 1124352K
  class space    used 10874K, capacity 11735K, committed 11852K, reserved 1048576K
}

