# JRE version: OpenJDK Runtime Environment (11.0.10) (build 11.0.10+0-b96-7249189)
# Java VM: OpenJDK 64-Bit Server VM (11.0.10+0-b96-7249189, mixed mode, tiered, compressed oops, g1 gc, windows-amd64)
Heap:
 garbage-first heap   total 95232K, used 65818K [0x0000000080000000, 0x0000000100000000)
  region size 1024K, 9 young (9216K), 3 survivors (3072K)
 Metaspace       used 75521K, capacity 77296K, committed 77388K, reserved 1116160K
  class space    used 9847K, capacity 10505K, committed 10572K, reserved 1048576K
GC Heap History (20 events):
Event: 19.719 GC heap before
{Heap before GC invocations=41 (full 0):
 garbage-first heap   total 78848K, used 63827K [0x0000000080000000, 0x0000000100000000)
  region size 1024K, 12 young (12288K), 2 survivors (2048K)
 Metaspace       used 63341K, capacity 64965K, committed 65100K, reserved 1105920K
  class space    used 8062K, capacity 8665K, committed 8780K, reserved 1048576K
}
Event: 19.723 GC heap after
{Heap after GC invocations=42 (full 0):
 garbage-first heap   total 78848K, used 54828K [0x0000000080000000, 0x0000000100000000)
  region size 1024K, 2 young (2048K), 2 survivors (2048K)
 Metaspace       used 63341K, capacity 64965K, committed 65100K, reserved 1105920K
  class space    used 8062K, capacity 8665K, committed 8780K, reserved 1048576K
}
Event: 20.100 GC heap before
{Heap before GC invocations=42 (full 0):
 garbage-first heap   total 78848K, used 64044K [0x0000000080000000, 0x0000000100000000)
  region size 1024K, 11 young (11264K), 2 survivors (2048K)
 Metaspace       used 64475K, capacity 66053K, committed 66252K, reserved 1105920K
  class space    used 8212K, capacity 8793K, committed 8908K, reserved 1048576K
}
Event: 20.104 GC heap after
{Heap after GC invocations=43 (full 0):
 garbage-first heap   total 78848K, used 55441K [0x0000000080000000, 0x0000000100000000)
  region size 1024K, 1 young (1024K), 1 survivors (1024K)
 Metaspace       used 64475K, capacity 66053K, committed 66252K, reserved 1105920K
  class space    used 8212K, capacity 8793K, committed 8908K, reserved 1048576K
}
Event: 21.031 GC heap before
{Heap before GC invocations=44 (full 0):
 garbage-first heap   total 78848K, used 64657K [0x0000000080000000, 0x0000000100000000)
  region size 1024K, 10 young (10240K), 1 survivors (1024K)
 Metaspace       used 65680K, capacity 67257K, committed 67404K, reserved 1107968K
  class space    used 8427K, capacity 9023K, committed 9036K, reserved 1048576K
}
Event: 21.035 GC heap after
{Heap after GC invocations=45 (full 0):
 garbage-first heap   total 78848K, used 55841K [0x0000000080000000, 0x0000000100000000)
  region size 1024K, 1 young (1024K), 1 survivors (1024K)
 Metaspace       used 65680K, capacity 67257K, committed 67404K, reserved 1107968K
  class space    used 8427K, capacity 9023K, committed 9036K, reserved 1048576K
}
Event: 22.005 GC heap before
{Heap before GC invocations=45 (full 0):
 garbage-first heap   total 78848K, used 65057K [0x0000000080000000, 0x0000000100000000)
  region size 1024K, 10 young (10240K), 1 survivors (1024K)
 Metaspace       used 67049K, capacity 68681K, committed 69068K, reserved 1110016K
  class space    used 8682K, capacity 9283K, committed 9420K, reserved 1048576K
}
Event: 22.017 GC heap after
{Heap after GC invocations=46 (full 0):
 garbage-first heap   total 78848K, used 56341K [0x0000000080000000, 0x0000000100000000)
  region size 1024K, 2 young (2048K), 2 survivors (2048K)
 Metaspace       used 67049K, capacity 68681K, committed 69068K, reserved 1110016K
  class space    used 8682K, capacity 9283K, committed 9420K, reserved 1048576K
}
Event: 23.024 GC heap before
{Heap before GC invocations=47 (full 0):
 garbage-first heap   total 78848K, used 65557K [0x0000000080000000, 0x0000000100000000)
  region size 1024K, 11 young (11264K), 2 survivors (2048K)
 Metaspace       used 68121K, capacity 69696K, committed 69964K, reserved 1110016K
  class space    used 8825K, capacity 9426K, committed 9548K, reserved 1048576K
}
Event: 23.035 GC heap after
{Heap after GC invocations=48 (full 0):
 garbage-first heap   total 78848K, used 56837K [0x0000000080000000, 0x0000000100000000)
  region size 1024K, 2 young (2048K), 2 survivors (2048K)
 Metaspace       used 68121K, capacity 69696K, committed 69964K, reserved 1110016K
  class space    used 8825K, capacity 9426K, committed 9548K, reserved 1048576K
}
Event: 23.676 GC heap before
{Heap before GC invocations=48 (full 0):
 garbage-first heap   total 78848K, used 66053K [0x0000000080000000, 0x0000000100000000)
  region size 1024K, 11 young (11264K), 2 survivors (2048K)
 Metaspace       used 68869K, capacity 70459K, committed 70732K, reserved 1110016K
  class space    used 8922K, capacity 9503K, committed 9548K, reserved 1048576K
}
Event: 23.682 GC heap after
{Heap after GC invocations=49 (full 0):
 garbage-first heap   total 78848K, used 57645K [0x0000000080000000, 0x0000000100000000)
  region size 1024K, 2 young (2048K), 2 survivors (2048K)
 Metaspace       used 68869K, capacity 70459K, committed 70732K, reserved 1110016K
  class space    used 8922K, capacity 9503K, committed 9548K, reserved 1048576K
}
Event: 24.103 GC heap before
{Heap before GC invocations=50 (full 0):
 garbage-first heap   total 78848K, used 66861K [0x0000000080000000, 0x0000000100000000)
  region size 1024K, 11 young (11264K), 2 survivors (2048K)
 Metaspace       used 69714K, capacity 71379K, committed 71628K, reserved 1112064K
  class space    used 9053K, capacity 9659K, committed 9676K, reserved 1048576K
}
Event: 24.132 GC heap after
{Heap after GC invocations=51 (full 0):
 garbage-first heap   total 95232K, used 58322K [0x0000000080000000, 0x0000000100000000)
  region size 1024K, 2 young (2048K), 2 survivors (2048K)
 Metaspace       used 69714K, capacity 71379K, committed 71628K, reserved 1112064K
  class space    used 9053K, capacity 9659K, committed 9676K, reserved 1048576K
}
Event: 25.274 GC heap before
{Heap before GC invocations=51 (full 0):
 garbage-first heap   total 95232K, used 72658K [0x0000000080000000, 0x0000000100000000)
  region size 1024K, 16 young (16384K), 2 survivors (2048K)
 Metaspace       used 71392K, capacity 73066K, committed 73164K, reserved 1112064K
  class space    used 9282K, capacity 9900K, committed 9932K, reserved 1048576K
}
Event: 25.279 GC heap after
{Heap after GC invocations=52 (full 0):
 garbage-first heap   total 95232K, used 58855K [0x0000000080000000, 0x0000000100000000)
  region size 1024K, 2 young (2048K), 2 survivors (2048K)
 Metaspace       used 71392K, capacity 73066K, committed 73164K, reserved 1112064K
  class space    used 9282K, capacity 9900K, committed 9932K, reserved 1048576K
}
Event: 25.824 GC heap before
{Heap before GC invocations=53 (full 0):
 garbage-first heap   total 95232K, used 73191K [0x0000000080000000, 0x0000000100000000)
  region size 1024K, 16 young (16384K), 2 survivors (2048K)
 Metaspace       used 73807K, capacity 75566K, committed 75852K, reserved 1114112K
  class space    used 9626K, capacity 10276K, committed 10316K, reserved 1048576K
}
Event: 25.831 GC heap after
{Heap after GC invocations=54 (full 0):
 garbage-first heap   total 95232K, used 59947K [0x0000000080000000, 0x0000000100000000)
  region size 1024K, 2 young (2048K), 2 survivors (2048K)
 Metaspace       used 73807K, capacity 75566K, committed 75852K, reserved 1114112K
  class space    used 9626K, capacity 10276K, committed 10316K, reserved 1048576K
}
Event: 26.490 GC heap before
{Heap before GC invocations=54 (full 0):
 garbage-first heap   total 95232K, used 75307K [0x0000000080000000, 0x0000000100000000)
  region size 1024K, 17 young (17408K), 2 survivors (2048K)
 Metaspace       used 75015K, capacity 76781K, committed 77004K, reserved 1116160K
  class space    used 9785K, capacity 10396K, committed 10444K, reserved 1048576K
}
Event: 26.499 GC heap after
{Heap after GC invocations=55 (full 0):
 garbage-first heap   total 95232K, used 60698K [0x0000000080000000, 0x0000000100000000)
  region size 1024K, 3 young (3072K), 3 survivors (3072K)
 Metaspace       used 75015K, capacity 76781K, committed 77004K, reserved 1116160K
  class space    used 9785K, capacity 10396K, committed 10444K, reserved 1048576K
}

