# JRE version: OpenJDK Runtime Environment (11.0.10) (build 11.0.10+0-b96-7249189)
# Java VM: OpenJDK 64-Bit Server VM (11.0.10+0-b96-7249189, mixed mode, tiered, compressed oops, g1 gc, windows-amd64)
Heap:
 garbage-first heap   total 339968K, used 207091K [0x0000000080000000, 0x0000000100000000)
  region size 1024K, 54 young (55296K), 7 survivors (7168K)
 Metaspace       used 100330K, capacity 102734K, committed 103040K, reserved 1138688K
  class space    used 12668K, capacity 13533K, committed 13696K, reserved 1048576K
GC Heap History (20 events):
Event: 51.699 GC heap before
{Heap before GC invocations=58 (full 0):
 garbage-first heap   total 156672K, used 112791K [0x0000000080000000, 0x0000000100000000)
  region size 1024K, 51 young (52224K), 5 survivors (5120K)
 Metaspace       used 80336K, capacity 82577K, committed 82816K, reserved 1120256K
  class space    used 10497K, capacity 11300K, committed 11392K, reserved 1048576K
}
Event: 51.723 GC heap after
{Heap after GC invocations=59 (full 0):
 garbage-first heap   total 156672K, used 69608K [0x0000000080000000, 0x0000000100000000)
  region size 1024K, 6 young (6144K), 6 survivors (6144K)
 Metaspace       used 80336K, capacity 82577K, committed 82816K, reserved 1120256K
  class space    used 10497K, capacity 11300K, committed 11392K, reserved 1048576K
}
Event: 54.525 GC heap before
{Heap before GC invocations=59 (full 0):
 garbage-first heap   total 156672K, used 117736K [0x0000000080000000, 0x0000000100000000)
  region size 1024K, 54 young (55296K), 6 survivors (6144K)
 Metaspace       used 86158K, capacity 88550K, committed 88704K, reserved 1126400K
  class space    used 11239K, capacity 12118K, committed 12160K, reserved 1048576K
}
Event: 54.567 GC heap after
{Heap after GC invocations=60 (full 0):
 garbage-first heap   total 156672K, used 72946K [0x0000000080000000, 0x0000000100000000)
  region size 1024K, 7 young (7168K), 7 survivors (7168K)
 Metaspace       used 86158K, capacity 88550K, committed 88704K, reserved 1126400K
  class space    used 11239K, capacity 12118K, committed 12160K, reserved 1048576K
}
Event: 56.868 GC heap before
{Heap before GC invocations=60 (full 0):
 garbage-first heap   total 156672K, used 124146K [0x0000000080000000, 0x0000000100000000)
  region size 1024K, 56 young (57344K), 7 survivors (7168K)
 Metaspace       used 89377K, capacity 91836K, committed 91904K, reserved 1128448K
  class space    used 11548K, capacity 12527K, committed 12544K, reserved 1048576K
}
Event: 56.917 GC heap after
{Heap after GC invocations=61 (full 0):
 garbage-first heap   total 156672K, used 84936K [0x0000000080000000, 0x0000000100000000)
  region size 1024K, 7 young (7168K), 7 survivors (7168K)
 Metaspace       used 89377K, capacity 91836K, committed 91904K, reserved 1128448K
  class space    used 11548K, capacity 12527K, committed 12544K, reserved 1048576K
}
Event: 57.938 GC heap before
{Heap before GC invocations=61 (full 0):
 garbage-first heap   total 156672K, used 123848K [0x0000000080000000, 0x0000000100000000)
  region size 1024K, 46 young (47104K), 7 survivors (7168K)
 Metaspace       used 92723K, capacity 95191K, committed 95360K, reserved 1132544K
  class space    used 11911K, capacity 12856K, committed 12928K, reserved 1048576K
}
Event: 58.036 GC heap after
{Heap after GC invocations=62 (full 0):
 garbage-first heap   total 191488K, used 100871K [0x0000000080000000, 0x0000000100000000)
  region size 1024K, 6 young (6144K), 6 survivors (6144K)
 Metaspace       used 92723K, capacity 95191K, committed 95360K, reserved 1132544K
  class space    used 11911K, capacity 12856K, committed 12928K, reserved 1048576K
}
Event: 60.464 GC heap before
{Heap before GC invocations=62 (full 0):
 garbage-first heap   total 191488K, used 143879K [0x0000000080000000, 0x0000000100000000)
  region size 1024K, 47 young (48128K), 6 survivors (6144K)
 Metaspace       used 96140K, capacity 98333K, committed 99072K, reserved 1134592K
  class space    used 12244K, capacity 13105K, committed 13312K, reserved 1048576K
}
Event: 60.669 GC heap after
{Heap after GC invocations=63 (full 0):
 garbage-first heap   total 191488K, used 116736K [0x0000000080000000, 0x0000000100000000)
  region size 1024K, 6 young (6144K), 6 survivors (6144K)
 Metaspace       used 96140K, capacity 98333K, committed 99072K, reserved 1134592K
  class space    used 12244K, capacity 13105K, committed 13312K, reserved 1048576K
}
Event: 62.236 GC heap before
{Heap before GC invocations=64 (full 0):
 garbage-first heap   total 191488K, used 120832K [0x0000000080000000, 0x0000000100000000)
  region size 1024K, 11 young (11264K), 6 survivors (6144K)
 Metaspace       used 96715K, capacity 98929K, committed 99712K, reserved 1136640K
  class space    used 12323K, capacity 13176K, committed 13440K, reserved 1048576K
}
Event: 62.307 GC heap after
{Heap after GC invocations=65 (full 0):
 garbage-first heap   total 191488K, used 119224K [0x0000000080000000, 0x0000000100000000)
  region size 1024K, 2 young (2048K), 2 survivors (2048K)
 Metaspace       used 96715K, capacity 98929K, committed 99712K, reserved 1136640K
  class space    used 12323K, capacity 13176K, committed 13440K, reserved 1048576K
}
Event: 63.118 GC heap before
{Heap before GC invocations=65 (full 0):
 garbage-first heap   total 191488K, used 142776K [0x0000000080000000, 0x0000000100000000)
  region size 1024K, 24 young (24576K), 2 survivors (2048K)
 Metaspace       used 97964K, capacity 100136K, committed 100864K, reserved 1136640K
  class space    used 12443K, capacity 13278K, committed 13568K, reserved 1048576K
}
Event: 63.195 GC heap after
{Heap after GC invocations=66 (full 0):
 garbage-first heap   total 191488K, used 128398K [0x0000000080000000, 0x0000000100000000)
  region size 1024K, 3 young (3072K), 3 survivors (3072K)
 Metaspace       used 97964K, capacity 100136K, committed 100864K, reserved 1136640K
  class space    used 12443K, capacity 13278K, committed 13568K, reserved 1048576K
}
Event: 63.530 GC heap before
{Heap before GC invocations=66 (full 0):
 garbage-first heap   total 191488K, used 146830K [0x0000000080000000, 0x0000000100000000)
  region size 1024K, 21 young (21504K), 3 survivors (3072K)
 Metaspace       used 97964K, capacity 100136K, committed 100864K, reserved 1136640K
  class space    used 12443K, capacity 13278K, committed 13568K, reserved 1048576K
}
Event: 63.590 GC heap after
{Heap after GC invocations=67 (full 0):
 garbage-first heap   total 339968K, used 143716K [0x0000000080000000, 0x0000000100000000)
  region size 1024K, 3 young (3072K), 3 survivors (3072K)
 Metaspace       used 97964K, capacity 100136K, committed 100864K, reserved 1136640K
  class space    used 12443K, capacity 13278K, committed 13568K, reserved 1048576K
}
Event: 64.371 GC heap before
{Heap before GC invocations=68 (full 0):
 garbage-first heap   total 339968K, used 205156K [0x0000000080000000, 0x0000000100000000)
  region size 1024K, 63 young (64512K), 3 survivors (3072K)
 Metaspace       used 98776K, capacity 101014K, committed 101632K, reserved 1136640K
  class space    used 12527K, capacity 13375K, committed 13568K, reserved 1048576K
}
Event: 64.388 GC heap after
{Heap after GC invocations=69 (full 0):
 garbage-first heap   total 339968K, used 152495K [0x0000000080000000, 0x0000000100000000)
  region size 1024K, 8 young (8192K), 8 survivors (8192K)
 Metaspace       used 98776K, capacity 101014K, committed 101632K, reserved 1136640K
  class space    used 12527K, capacity 13375K, committed 13568K, reserved 1048576K
}
Event: 65.374 GC heap before
{Heap before GC invocations=69 (full 0):
 garbage-first heap   total 339968K, used 214959K [0x0000000080000000, 0x0000000100000000)
  region size 1024K, 70 young (71680K), 8 survivors (8192K)
 Metaspace       used 100187K, capacity 102650K, committed 103040K, reserved 1138688K
  class space    used 12654K, capacity 13529K, committed 13696K, reserved 1048576K
}
Event: 65.401 GC heap after
{Heap after GC invocations=70 (full 0):
 garbage-first heap   total 339968K, used 159987K [0x0000000080000000, 0x0000000100000000)
  region size 1024K, 7 young (7168K), 7 survivors (7168K)
 Metaspace       used 100187K, capacity 102650K, committed 103040K, reserved 1138688K
  class space    used 12654K, capacity 13529K, committed 13696K, reserved 1048576K
}

