# JRE version: OpenJDK Runtime Environment (11.0.10) (build 11.0.10+0-b96-7249189)
# Java VM: OpenJDK 64-Bit Server VM (11.0.10+0-b96-7249189, mixed mode, tiered, compressed oops, g1 gc, windows-amd64)
Heap:
 garbage-first heap   total 402432K, used 122024K [0x0000000080000000, 0x0000000100000000)
  region size 1024K, 11 young (11264K), 6 survivors (6144K)
 Metaspace       used 128344K, capacity 131406K, committed 145724K, reserved 1175552K
  class space    used 15929K, capacity 17056K, committed 19968K, reserved 1048576K
GC Heap History (20 events):
Event: 3476.177 GC heap before
{Heap before GC invocations=91 (full 0):
 garbage-first heap   total 402432K, used 229443K [0x0000000080000000, 0x0000000100000000)
  region size 1024K, 19 young (19456K), 2 survivors (2048K)
 Metaspace       used 143622K, capacity 147074K, committed 149820K, reserved 1179648K
  class space    used 17690K, capacity 18914K, committed 19968K, reserved 1048576K
}
Event: 3477.032 GC heap after
{Heap after GC invocations=92 (full 0):
 garbage-first heap   total 402432K, used 198143K [0x0000000080000000, 0x0000000100000000)
  region size 1024K, 2 young (2048K), 2 survivors (2048K)
 Metaspace       used 143622K, capacity 147074K, committed 149820K, reserved 1179648K
  class space    used 17690K, capacity 18914K, committed 19968K, reserved 1048576K
}
Event: 4411.272 GC heap before
{Heap before GC invocations=92 (full 0):
 garbage-first heap   total 402432K, used 215551K [0x0000000080000000, 0x0000000100000000)
  region size 1024K, 19 young (19456K), 2 survivors (2048K)
 Metaspace       used 143638K, capacity 147074K, committed 149820K, reserved 1179648K
  class space    used 17690K, capacity 18914K, committed 19968K, reserved 1048576K
}
Event: 4411.784 GC heap after
{Heap after GC invocations=93 (full 0):
 garbage-first heap   total 402432K, used 192161K [0x0000000080000000, 0x0000000100000000)
  region size 1024K, 2 young (2048K), 2 survivors (2048K)
 Metaspace       used 143638K, capacity 147074K, committed 149820K, reserved 1179648K
  class space    used 17690K, capacity 18914K, committed 19968K, reserved 1048576K
}
Event: 5386.179 GC heap before
{Heap before GC invocations=93 (full 0):
 garbage-first heap   total 402432K, used 208545K [0x0000000080000000, 0x0000000100000000)
  region size 1024K, 19 young (19456K), 2 survivors (2048K)
 Metaspace       used 143644K, capacity 147074K, committed 149820K, reserved 1179648K
  class space    used 17690K, capacity 18914K, committed 19968K, reserved 1048576K
}
Event: 5386.585 GC heap after
{Heap after GC invocations=94 (full 0):
 garbage-first heap   total 402432K, used 192120K [0x0000000080000000, 0x0000000100000000)
  region size 1024K, 2 young (2048K), 2 survivors (2048K)
 Metaspace       used 143644K, capacity 147074K, committed 149820K, reserved 1179648K
  class space    used 17690K, capacity 18914K, committed 19968K, reserved 1048576K
}
Event: 6347.296 GC heap before
{Heap before GC invocations=95 (full 0):
 garbage-first heap   total 402432K, used 151160K [0x0000000080000000, 0x0000000100000000)
  region size 1024K, 19 young (19456K), 2 survivors (2048K)
 Metaspace       used 142925K, capacity 145943K, committed 149820K, reserved 1179648K
  class space    used 17546K, capacity 18641K, committed 19968K, reserved 1048576K
}
Event: 6347.583 GC heap after
{Heap after GC invocations=96 (full 0):
 garbage-first heap   total 402432K, used 133655K [0x0000000080000000, 0x0000000100000000)
  region size 1024K, 2 young (2048K), 2 survivors (2048K)
 Metaspace       used 142925K, capacity 145943K, committed 149820K, reserved 1179648K
  class space    used 17546K, capacity 18641K, committed 19968K, reserved 1048576K
}
Event: 7282.287 GC heap before
{Heap before GC invocations=96 (full 0):
 garbage-first heap   total 402432K, used 151063K [0x0000000080000000, 0x0000000100000000)
  region size 1024K, 19 young (19456K), 2 survivors (2048K)
 Metaspace       used 142925K, capacity 145943K, committed 149820K, reserved 1179648K
  class space    used 17546K, capacity 18641K, committed 19968K, reserved 1048576K
}
Event: 7282.477 GC heap after
{Heap after GC invocations=97 (full 0):
 garbage-first heap   total 402432K, used 120885K [0x0000000080000000, 0x0000000100000000)
  region size 1024K, 2 young (2048K), 2 survivors (2048K)
 Metaspace       used 142925K, capacity 145943K, committed 149820K, reserved 1179648K
  class space    used 17546K, capacity 18641K, committed 19968K, reserved 1048576K
}
Event: 8231.317 GC heap before
{Heap before GC invocations=97 (full 0):
 garbage-first heap   total 402432K, used 138293K [0x0000000080000000, 0x0000000100000000)
  region size 1024K, 19 young (19456K), 2 survivors (2048K)
 Metaspace       used 142925K, capacity 145943K, committed 149820K, reserved 1179648K
  class space    used 17546K, capacity 18641K, committed 19968K, reserved 1048576K
}
Event: 8231.842 GC heap after
{Heap after GC invocations=98 (full 0):
 garbage-first heap   total 402432K, used 111295K [0x0000000080000000, 0x0000000100000000)
  region size 1024K, 2 young (2048K), 2 survivors (2048K)
 Metaspace       used 142925K, capacity 145943K, committed 149820K, reserved 1179648K
  class space    used 17546K, capacity 18641K, committed 19968K, reserved 1048576K
}
Event: 9066.662 GC heap before
{Heap before GC invocations=98 (full 0):
 garbage-first heap   total 402432K, used 128703K [0x0000000080000000, 0x0000000100000000)
  region size 1024K, 19 young (19456K), 2 survivors (2048K)
 Metaspace       used 142999K, capacity 146058K, committed 149820K, reserved 1179648K
  class space    used 17559K, capacity 18664K, committed 19968K, reserved 1048576K
}
Event: 9067.349 GC heap after
{Heap after GC invocations=99 (full 0):
 garbage-first heap   total 402432K, used 104582K [0x0000000080000000, 0x0000000100000000)
  region size 1024K, 2 young (2048K), 2 survivors (2048K)
 Metaspace       used 142999K, capacity 146058K, committed 149820K, reserved 1179648K
  class space    used 17559K, capacity 18664K, committed 19968K, reserved 1048576K
}
Event: 9073.432 GC heap before
{Heap before GC invocations=99 (full 0):
 garbage-first heap   total 402432K, used 120966K [0x0000000080000000, 0x0000000100000000)
  region size 1024K, 19 young (19456K), 2 survivors (2048K)
 Metaspace       used 143152K, capacity 146287K, committed 149820K, reserved 1179648K
  class space    used 17582K, capacity 18708K, committed 19968K, reserved 1048576K
}
Event: 9073.581 GC heap after
{Heap after GC invocations=100 (full 0):
 garbage-first heap   total 402432K, used 106262K [0x0000000080000000, 0x0000000100000000)
  region size 1024K, 3 young (3072K), 3 survivors (3072K)
 Metaspace       used 143152K, capacity 146287K, committed 149820K, reserved 1179648K
  class space    used 17582K, capacity 18708K, committed 19968K, reserved 1048576K
}
Event: 9076.887 GC heap before
{Heap before GC invocations=100 (full 0):
 garbage-first heap   total 402432K, used 121622K [0x0000000080000000, 0x0000000100000000)
  region size 1024K, 19 young (19456K), 3 survivors (3072K)
 Metaspace       used 143475K, capacity 146741K, committed 149820K, reserved 1179648K
  class space    used 17618K, capacity 18775K, committed 19968K, reserved 1048576K
}
Event: 9077.022 GC heap after
{Heap after GC invocations=101 (full 0):
 garbage-first heap   total 402432K, used 109452K [0x0000000080000000, 0x0000000100000000)
  region size 1024K, 3 young (3072K), 3 survivors (3072K)
 Metaspace       used 143475K, capacity 146741K, committed 149820K, reserved 1179648K
  class space    used 17618K, capacity 18775K, committed 19968K, reserved 1048576K
}
Event: 9088.481 GC heap before
{Heap before GC invocations=102 (full 0):
 garbage-first heap   total 402432K, used 151436K [0x0000000080000000, 0x0000000100000000)
  region size 1024K, 43 young (44032K), 3 survivors (3072K)
 Metaspace       used 128344K, capacity 131406K, committed 145724K, reserved 1175552K
  class space    used 15929K, capacity 17056K, committed 19968K, reserved 1048576K
}
Event: 9088.755 GC heap after
{Heap after GC invocations=103 (full 0):
 garbage-first heap   total 402432K, used 118952K [0x0000000080000000, 0x0000000100000000)
  region size 1024K, 6 young (6144K), 6 survivors (6144K)
 Metaspace       used 128344K, capacity 131406K, committed 145724K, reserved 1175552K
  class space    used 15929K, capacity 17056K, committed 19968K, reserved 1048576K
}

