# JRE version: OpenJDK Runtime Environment (11.0.10) (build 11.0.10+0-b96-7249189)
# Java VM: OpenJDK 64-Bit Server VM (11.0.10+0-b96-7249189, mixed mode, tiered, compressed oops, g1 gc, windows-amd64)
Heap:
 garbage-first heap   total 65536K, used 36471K [0x0000000080000000, 0x0000000100000000)
  region size 1024K, 22 young (22528K), 2 survivors (2048K)
 Metaspace       used 22234K, capacity 22825K, committed 22960K, reserved 1069056K
  class space    used 2823K, capacity 3034K, committed 3072K, reserved 1048576K
GC Heap History (10 events):
Event: 3.909 GC heap before
{Heap before GC invocations=0 (full 0):
 garbage-first heap   total 65536K, used 29696K [0x0000000080000000, 0x0000000100000000)
  region size 1024K, 24 young (24576K), 0 survivors (0K)
 Metaspace       used 9815K, capacity 9994K, committed 10112K, reserved 1058816K
  class space    used 1022K, capacity 1102K, committed 1152K, reserved 1048576K
}
Event: 3.921 GC heap after
{Heap after GC invocations=1 (full 0):
 garbage-first heap   total 65536K, used 9391K [0x0000000080000000, 0x0000000100000000)
  region size 1024K, 3 young (3072K), 3 survivors (3072K)
 Metaspace       used 9815K, capacity 9994K, committed 10112K, reserved 1058816K
  class space    used 1022K, capacity 1102K, committed 1152K, reserved 1048576K
}
Event: 4.666 GC heap before
{Heap before GC invocations=1 (full 0):
 garbage-first heap   total 65536K, used 38063K [0x0000000080000000, 0x0000000100000000)
  region size 1024K, 30 young (30720K), 3 survivors (3072K)
 Metaspace       used 10763K, capacity 11011K, committed 11264K, reserved 1058816K
  class space    used 1125K, capacity 1206K, committed 1280K, reserved 1048576K
}
Event: 4.672 GC heap after
{Heap after GC invocations=2 (full 0):
 garbage-first heap   total 65536K, used 12031K [0x0000000080000000, 0x0000000100000000)
  region size 1024K, 2 young (2048K), 2 survivors (2048K)
 Metaspace       used 10763K, capacity 11011K, committed 11264K, reserved 1058816K
  class space    used 1125K, capacity 1206K, committed 1280K, reserved 1048576K
}
Event: 6.213 GC heap before
{Heap before GC invocations=2 (full 0):
 garbage-first heap   total 65536K, used 38655K [0x0000000080000000, 0x0000000100000000)
  region size 1024K, 28 young (28672K), 2 survivors (2048K)
 Metaspace       used 13821K, capacity 14165K, committed 14336K, reserved 1062912K
  class space    used 1548K, capacity 1684K, committed 1792K, reserved 1048576K
}
Event: 6.225 GC heap after
{Heap after GC invocations=3 (full 0):
 garbage-first heap   total 65536K, used 15360K [0x0000000080000000, 0x0000000100000000)
  region size 1024K, 4 young (4096K), 4 survivors (4096K)
 Metaspace       used 13821K, capacity 14165K, committed 14336K, reserved 1062912K
  class space    used 1548K, capacity 1684K, committed 1792K, reserved 1048576K
}
Event: 13.362 GC heap before
{Heap before GC invocations=3 (full 0):
 garbage-first heap   total 65536K, used 41984K [0x0000000080000000, 0x0000000100000000)
  region size 1024K, 30 young (30720K), 4 survivors (4096K)
 Metaspace       used 18936K, capacity 19298K, committed 19328K, reserved 1067008K
  class space    used 2276K, capacity 2403K, committed 2432K, reserved 1048576K
}
Event: 13.395 GC heap after
{Heap after GC invocations=4 (full 0):
 garbage-first heap   total 65536K, used 16560K [0x0000000080000000, 0x0000000100000000)
  region size 1024K, 2 young (2048K), 2 survivors (2048K)
 Metaspace       used 18936K, capacity 19298K, committed 19328K, reserved 1067008K
  class space    used 2276K, capacity 2403K, committed 2432K, reserved 1048576K
}
Event: 15.229 GC heap before
{Heap before GC invocations=4 (full 0):
 garbage-first heap   total 65536K, used 29872K [0x0000000080000000, 0x0000000100000000)
  region size 1024K, 16 young (16384K), 2 survivors (2048K)
 Metaspace       used 20631K, capacity 21158K, committed 21296K, reserved 1069056K
  class space    used 2513K, capacity 2688K, committed 2688K, reserved 1048576K
}
Event: 15.240 GC heap after
{Heap after GC invocations=5 (full 0):
 garbage-first heap   total 65536K, used 17015K [0x0000000080000000, 0x0000000100000000)
  region size 1024K, 2 young (2048K), 2 survivors (2048K)
 Metaspace       used 20631K, capacity 21158K, committed 21296K, reserved 1069056K
  class space    used 2513K, capacity 2688K, committed 2688K, reserved 1048576K
}

