# JRE version: OpenJDK Runtime Environment (11.0.10) (build 11.0.10+0-b96-7249189)
# Java VM: OpenJDK 64-Bit Server VM (11.0.10+0-b96-7249189, mixed mode, tiered, compressed oops, g1 gc, windows-amd64)
Heap:
 garbage-first heap   total 327680K, used 85220K [0x0000000080000000, 0x0000000100000000)
  region size 1024K, 2 young (2048K), 2 survivors (2048K)
 Metaspace       used 91179K, capacity 93396K, committed 93772K, reserved 1130496K
  class space    used 11394K, capacity 12211K, committed 12364K, reserved 1048576K
GC Heap History (20 events):
Event: 26.334 GC heap after
{Heap after GC invocations=33 (full 0):
 garbage-first heap   total 144384K, used 71981K [0x0000000080000000, 0x0000000100000000)
  region size 1024K, 7 young (7168K), 7 survivors (7168K)
 Metaspace       used 81612K, capacity 83981K, committed 84044K, reserved 1122304K
  class space    used 10648K, capacity 11546K, committed 11596K, reserved 1048576K
}
Event: 26.458 GC heap before
{Heap before GC invocations=33 (full 0):
 garbage-first heap   total 144384K, used 77101K [0x0000000080000000, 0x0000000100000000)
  region size 1024K, 13 young (13312K), 7 survivors (7168K)
 Metaspace       used 81634K, capacity 83981K, committed 84044K, reserved 1122304K
  class space    used 10648K, capacity 11546K, committed 11596K, reserved 1048576K
}
Event: 26.539 GC heap after
{Heap after GC invocations=34 (full 0):
 garbage-first heap   total 144384K, used 75287K [0x0000000080000000, 0x0000000100000000)
  region size 1024K, 3 young (3072K), 3 survivors (3072K)
 Metaspace       used 81634K, capacity 83981K, committed 84044K, reserved 1122304K
  class space    used 10648K, capacity 11546K, committed 11596K, reserved 1048576K
}
Event: 27.270 GC heap before
{Heap before GC invocations=35 (full 0):
 garbage-first heap   total 144384K, used 101911K [0x0000000080000000, 0x0000000100000000)
  region size 1024K, 27 young (27648K), 3 survivors (3072K)
 Metaspace       used 81284K, capacity 83365K, committed 84300K, reserved 1122304K
  class space    used 10516K, capacity 11312K, committed 11596K, reserved 1048576K
}
Event: 27.451 GC heap after
{Heap after GC invocations=36 (full 0):
 garbage-first heap   total 211968K, used 86016K [0x0000000080000000, 0x0000000100000000)
  region size 1024K, 4 young (4096K), 4 survivors (4096K)
 Metaspace       used 81284K, capacity 83365K, committed 84300K, reserved 1122304K
  class space    used 10516K, capacity 11312K, committed 11596K, reserved 1048576K
}
Event: 29.121 GC heap before
{Heap before GC invocations=36 (full 0):
 garbage-first heap   total 211968K, used 143360K [0x0000000080000000, 0x0000000100000000)
  region size 1024K, 52 young (53248K), 4 survivors (4096K)
 Metaspace       used 82465K, capacity 84556K, committed 85196K, reserved 1122304K
  class space    used 10635K, capacity 11407K, committed 11724K, reserved 1048576K
}
Event: 29.152 GC heap after
{Heap after GC invocations=37 (full 0):
 garbage-first heap   total 211968K, used 91875K [0x0000000080000000, 0x0000000100000000)
  region size 1024K, 7 young (7168K), 7 survivors (7168K)
 Metaspace       used 82465K, capacity 84556K, committed 85196K, reserved 1122304K
  class space    used 10635K, capacity 11407K, committed 11724K, reserved 1048576K
}
Event: 30.298 GC heap before
{Heap before GC invocations=37 (full 0):
 garbage-first heap   total 211968K, used 140003K [0x0000000080000000, 0x0000000100000000)
  region size 1024K, 54 young (55296K), 7 survivors (7168K)
 Metaspace       used 85071K, capacity 87187K, committed 87756K, reserved 1124352K
  class space    used 10919K, capacity 11705K, committed 11980K, reserved 1048576K
}
Event: 30.314 GC heap after
{Heap after GC invocations=38 (full 0):
 garbage-first heap   total 211968K, used 93685K [0x0000000080000000, 0x0000000100000000)
  region size 1024K, 2 young (2048K), 2 survivors (2048K)
 Metaspace       used 85071K, capacity 87187K, committed 87756K, reserved 1124352K
  class space    used 10919K, capacity 11705K, committed 11980K, reserved 1048576K
}
Event: 30.780 GC heap before
{Heap before GC invocations=38 (full 0):
 garbage-first heap   total 211968K, used 139765K [0x0000000080000000, 0x0000000100000000)
  region size 1024K, 46 young (47104K), 2 survivors (2048K)
 Metaspace       used 85159K, capacity 87257K, committed 88012K, reserved 1126400K
  class space    used 10926K, capacity 11707K, committed 11980K, reserved 1048576K
}
Event: 30.798 GC heap after
{Heap after GC invocations=39 (full 0):
 garbage-first heap   total 211968K, used 99292K [0x0000000080000000, 0x0000000100000000)
  region size 1024K, 5 young (5120K), 5 survivors (5120K)
 Metaspace       used 85159K, capacity 87257K, committed 88012K, reserved 1126400K
  class space    used 10926K, capacity 11707K, committed 11980K, reserved 1048576K
}
Event: 32.193 GC heap before
{Heap before GC invocations=40 (full 0):
 garbage-first heap   total 211968K, used 162780K [0x0000000080000000, 0x0000000100000000)
  region size 1024K, 56 young (57344K), 5 survivors (5120K)
 Metaspace       used 88919K, capacity 91108K, committed 91596K, reserved 1128448K
  class space    used 11226K, capacity 12006K, committed 12236K, reserved 1048576K
}
Event: 32.209 GC heap after
{Heap after GC invocations=41 (full 0):
 garbage-first heap   total 211968K, used 99085K [0x0000000080000000, 0x0000000100000000)
  region size 1024K, 7 young (7168K), 7 survivors (7168K)
 Metaspace       used 88919K, capacity 91108K, committed 91596K, reserved 1128448K
  class space    used 11226K, capacity 12006K, committed 12236K, reserved 1048576K
}
Event: 32.785 GC heap before
{Heap before GC invocations=41 (full 0):
 garbage-first heap   total 211968K, used 156429K [0x0000000080000000, 0x0000000100000000)
  region size 1024K, 64 young (65536K), 7 survivors (7168K)
 Metaspace       used 89705K, capacity 91796K, committed 92364K, reserved 1130496K
  class space    used 11272K, capacity 12042K, committed 12236K, reserved 1048576K
}
Event: 32.793 GC heap after
{Heap after GC invocations=42 (full 0):
 garbage-first heap   total 211968K, used 98743K [0x0000000080000000, 0x0000000100000000)
  region size 1024K, 3 young (3072K), 3 survivors (3072K)
 Metaspace       used 89705K, capacity 91796K, committed 92364K, reserved 1130496K
  class space    used 11272K, capacity 12042K, committed 12236K, reserved 1048576K
}
Event: 33.531 GC heap before
{Heap before GC invocations=42 (full 0):
 garbage-first heap   total 211968K, used 161207K [0x0000000080000000, 0x0000000100000000)
  region size 1024K, 65 young (66560K), 3 survivors (3072K)
 Metaspace       used 90478K, capacity 92643K, committed 93260K, reserved 1130496K
  class space    used 11318K, capacity 12116K, committed 12364K, reserved 1048576K
}
Event: 33.543 GC heap after
{Heap after GC invocations=43 (full 0):
 garbage-first heap   total 211968K, used 100954K [0x0000000080000000, 0x0000000100000000)
  region size 1024K, 5 young (5120K), 5 survivors (5120K)
 Metaspace       used 90478K, capacity 92643K, committed 93260K, reserved 1130496K
  class space    used 11318K, capacity 12116K, committed 12364K, reserved 1048576K
}
Event: 34.687 GC heap before
{Heap before GC invocations=44 (full 0):
 garbage-first heap   total 211968K, used 152154K [0x0000000080000000, 0x0000000100000000)
  region size 1024K, 67 young (68608K), 5 survivors (5120K)
 Metaspace       used 91149K, capacity 93396K, committed 93772K, reserved 1130496K
  class space    used 11388K, capacity 12211K, committed 12364K, reserved 1048576K
}
Event: 34.718 GC heap after
{Heap after GC invocations=45 (full 0):
 garbage-first heap   total 211968K, used 92610K [0x0000000080000000, 0x0000000100000000)
  region size 1024K, 8 young (8192K), 8 survivors (8192K)
 Metaspace       used 91149K, capacity 93396K, committed 93772K, reserved 1130496K
  class space    used 11388K, capacity 12211K, committed 12364K, reserved 1048576K
}
Event: 34.735 GC heap before
{Heap before GC invocations=45 (full 0):
 garbage-first heap   total 211968K, used 93634K [0x0000000080000000, 0x0000000100000000)
  region size 1024K, 10 young (10240K), 8 survivors (8192K)
 Metaspace       used 91179K, capacity 93396K, committed 93772K, reserved 1130496K
  class space    used 11394K, capacity 12211K, committed 12364K, reserved 1048576K
}

